[2023-10-04 14:46:36,004] bhanus-MBP.Dlink/INFO/locust.main: Starting web interface at http://0.0.0.0:8089 (accepting connections from all network interfaces)
[2023-10-04 14:46:36,009] bhanus-MBP.Dlink/INFO/locust.main: Starting Locust 2.16.1
[2023-10-04 14:47:45,847] bhanus-MBP.Dlink/INFO/locust.runners: Ramping to 1 users at a rate of 2.00 per second
[2023-10-04 14:47:45,849] bhanus-MBP.Dlink/INFO/locust.runners: All users spawned: {"MyRequest": 1} (1 total users)
[2023-10-04 14:47:45,853] bhanus-MBP.Dlink/INFO/root: request is getting processed
[2023-10-04 14:47:46,861] bhanus-MBP.Dlink/INFO/root: request is getting processed
[2023-10-04 14:47:47,870] bhanus-MBP.Dlink/INFO/root: request is getting processed
[2023-10-04 14:47:48,878] bhanus-MBP.Dlink/INFO/root: request is getting processed
[2023-10-04 14:47:49,885] bhanus-MBP.Dlink/INFO/root: request is getting processed
[2023-10-04 14:47:50,889] bhanus-MBP.Dlink/INFO/root: request is getting processed
[2023-10-04 14:47:51,897] bhanus-MBP.Dlink/INFO/root: request is getting processed
[2023-10-04 14:47:52,906] bhanus-MBP.Dlink/INFO/root: request is getting processed
[2023-10-04 14:47:53,910] bhanus-MBP.Dlink/INFO/root: request is getting processed
[2023-10-04 14:47:54,918] bhanus-MBP.Dlink/INFO/root: request is getting processed
[2023-10-04 14:47:55,927] bhanus-MBP.Dlink/INFO/root: request is getting processed
[2023-10-04 14:47:56,931] bhanus-MBP.Dlink/INFO/root: request is getting processed
[2023-10-04 14:47:57,941] bhanus-MBP.Dlink/INFO/root: request is getting processed
[2023-10-04 14:47:58,950] bhanus-MBP.Dlink/INFO/root: request is getting processed
[2023-10-04 14:47:59,955] bhanus-MBP.Dlink/INFO/root: request is getting processed
[2023-10-04 14:48:00,957] bhanus-MBP.Dlink/INFO/root: request is getting processed
[2023-10-04 14:48:01,960] bhanus-MBP.Dlink/INFO/root: request is getting processed
[2023-10-04 14:48:02,968] bhanus-MBP.Dlink/INFO/root: request is getting processed
[2023-10-04 14:48:03,974] bhanus-MBP.Dlink/INFO/root: request is getting processed
[2023-10-04 14:48:04,983] bhanus-MBP.Dlink/INFO/root: request is getting processed
[2023-10-04 14:48:05,990] bhanus-MBP.Dlink/INFO/root: request is getting processed
[2023-10-04 14:48:06,995] bhanus-MBP.Dlink/INFO/root: request is getting processed
[2023-10-04 14:48:07,999] bhanus-MBP.Dlink/INFO/root: request is getting processed
[2023-10-04 14:48:09,008] bhanus-MBP.Dlink/INFO/root: request is getting processed
[2023-10-04 14:48:10,017] bhanus-MBP.Dlink/INFO/root: request is getting processed
[2023-10-04 14:48:11,047] bhanus-MBP.Dlink/INFO/root: request is getting processed
[2023-10-04 14:48:12,051] bhanus-MBP.Dlink/INFO/root: request is getting processed
